2020-07-13 06:26:32,326 INFO o.a.j.u.JMeterUtils: Setting Locale to en_US
2020-07-13 06:26:32,346 INFO o.a.j.JMeter: Loading user properties from: /home/arash/Desktop/apache-jmeter-5.3/bin/user.properties
2020-07-13 06:26:32,346 INFO o.a.j.JMeter: Loading system properties from: /home/arash/Desktop/apache-jmeter-5.3/bin/system.properties
2020-07-13 06:26:32,347 INFO o.a.j.JMeter: Copyright (c) 1998-2020 The Apache Software Foundation
2020-07-13 06:26:32,347 INFO o.a.j.JMeter: Version 5.3
2020-07-13 06:26:32,347 INFO o.a.j.JMeter: java.version=1.8.0_252
2020-07-13 06:26:32,347 INFO o.a.j.JMeter: java.vm.name=OpenJDK 64-Bit Server VM
2020-07-13 06:26:32,347 INFO o.a.j.JMeter: os.name=Linux
2020-07-13 06:26:32,347 INFO o.a.j.JMeter: os.arch=amd64
2020-07-13 06:26:32,347 INFO o.a.j.JMeter: os.version=5.3.0-62-generic
2020-07-13 06:26:32,348 INFO o.a.j.JMeter: file.encoding=UTF-8
2020-07-13 06:26:32,348 INFO o.a.j.JMeter: java.awt.headless=null
2020-07-13 06:26:32,348 INFO o.a.j.JMeter: Max memory     =3732406272
2020-07-13 06:26:32,348 INFO o.a.j.JMeter: Available Processors =6
2020-07-13 06:26:32,352 INFO o.a.j.JMeter: Default Locale=English (United States)
2020-07-13 06:26:32,353 INFO o.a.j.JMeter: JMeter  Locale=English (United States)
2020-07-13 06:26:32,353 INFO o.a.j.JMeter: JMeterHome=/home/arash/Desktop/apache-jmeter-5.3
2020-07-13 06:26:32,353 INFO o.a.j.JMeter: user.dir  =/home/arash/Desktop/jmeter-from-chrome-plugin2
2020-07-13 06:26:32,353 INFO o.a.j.JMeter: PWD       =/home/arash/Desktop/jmeter-from-chrome-plugin2
2020-07-13 06:26:32,354 INFO o.a.j.JMeter: IP: 127.0.1.1 Name: arash-VirtualBox FullName: arash-VirtualBox
2020-07-13 06:26:32,459 INFO o.a.j.JMeter: Setting LAF to: com.github.weisj.darklaf.DarkLaf:com.github.weisj.darklaf.theme.DarculaTheme
2020-07-13 06:26:32,635 INFO o.a.j.JMeter: Loaded icon properties from org/apache/jmeter/images/icon.properties
2020-07-13 06:26:48,852 INFO o.a.j.s.FileServer: Default base='/home/arash/Desktop/jmeter-from-chrome-plugin2'
2020-07-13 06:26:48,855 INFO o.a.j.g.a.Load: Loading file: /home/arash/Desktop/jmeter-from-chrome-plugin2/performance-tests/performance_arashbidarian.jmx
2020-07-13 06:26:48,856 INFO o.a.j.s.FileServer: Set new base='/home/arash/Desktop/jmeter-from-chrome-plugin2/performance-tests'
2020-07-13 06:26:48,981 INFO o.a.j.s.SaveService: Testplan (JMX) version: 2.2. Testlog (JTL) version: 2.2
2020-07-13 06:26:49,004 INFO o.a.j.s.SaveService: Using SaveService properties file encoding UTF-8
2020-07-13 06:26:49,005 INFO o.a.j.s.SaveService: Using SaveService properties version 5.0
2020-07-13 06:26:49,009 INFO o.a.j.s.SaveService: Loading file: /home/arash/Desktop/jmeter-from-chrome-plugin2/performance-tests/performance_arashbidarian.jmx
2020-07-13 06:26:49,166 INFO o.a.j.e.KeyToolUtils: keytool found at 'keytool'
2020-07-13 06:26:49,167 INFO o.a.j.p.h.p.ProxyControl: HTTP(S) Test Script Recorder SSL Proxy will use keys that support embedded 3rd party resources in file /home/arash/Desktop/apache-jmeter-5.3/bin/proxyserver.jks
2020-07-13 06:26:49,179 INFO o.a.j.p.h.c.CookieManager: Settings: Delete null: true Check: true Allow variable: true Save: false Prefix: COOKIE_
2020-07-13 06:26:49,181 INFO o.a.j.p.h.c.CacheManager: Will only cache the following methods: [GET]
2020-07-13 06:26:49,187 INFO o.a.j.p.h.s.HTTPSamplerBase: Parser for text/html is org.apache.jmeter.protocol.http.parser.LagartoBasedHtmlParser
2020-07-13 06:26:49,187 INFO o.a.j.p.h.s.HTTPSamplerBase: Parser for application/xhtml+xml is org.apache.jmeter.protocol.http.parser.LagartoBasedHtmlParser
2020-07-13 06:26:49,187 INFO o.a.j.p.h.s.HTTPSamplerBase: Parser for application/xml is org.apache.jmeter.protocol.http.parser.LagartoBasedHtmlParser
2020-07-13 06:26:49,188 INFO o.a.j.p.h.s.HTTPSamplerBase: Parser for text/xml is org.apache.jmeter.protocol.http.parser.LagartoBasedHtmlParser
2020-07-13 06:26:49,188 INFO o.a.j.p.h.s.HTTPSamplerBase: Parser for text/vnd.wap.wml is org.apache.jmeter.protocol.http.parser.RegexpHTMLParser
2020-07-13 06:26:49,188 INFO o.a.j.p.h.s.HTTPSamplerBase: Parser for text/css is org.apache.jmeter.protocol.http.parser.CssParser
2020-07-13 06:26:49,438 INFO o.a.j.s.SampleResult: Note: Sample TimeStamps are START times
2020-07-13 06:26:49,438 INFO o.a.j.s.SampleResult: sampleresult.default.encoding is set to ISO-8859-1
2020-07-13 06:26:49,438 INFO o.a.j.s.SampleResult: sampleresult.useNanoTime=true
2020-07-13 06:26:49,438 INFO o.a.j.s.SampleResult: sampleresult.nanoThreadSleep=5000
2020-07-13 06:26:49,554 INFO o.a.j.v.ViewResultsFullVisualizer: Add JavaFX to your Java installation if you want to use renderer: org.apache.jmeter.visualizers.RenderInBrowser
2020-07-13 06:26:49,599 INFO o.a.j.s.FileServer: Set new base='/home/arash/Desktop/jmeter-from-chrome-plugin2/performance-tests'
2020-07-13 06:26:55,586 INFO o.a.j.e.StandardJMeterEngine: Running the test!
2020-07-13 06:26:55,587 INFO o.a.j.s.SampleEvent: List of sample_variables: []
2020-07-13 06:26:55,587 INFO o.a.j.s.SampleEvent: List of sample_variables: []
2020-07-13 06:26:55,588 INFO o.a.j.e.u.CompoundVariable: Note: Function class names must contain the string: '.functions.'
2020-07-13 06:26:55,588 INFO o.a.j.e.u.CompoundVariable: Note: Function class names must not contain the string: '.gui.'
2020-07-13 06:26:55,817 INFO o.a.j.g.u.JMeterMenuBar: setRunning(true, *local*)
2020-07-13 06:26:55,989 INFO o.a.j.e.StandardJMeterEngine: Starting ThreadGroup: 1 : Thread Group
2020-07-13 06:26:55,989 INFO o.a.j.e.StandardJMeterEngine: Starting 1 threads for group Thread Group.
2020-07-13 06:26:55,989 INFO o.a.j.e.StandardJMeterEngine: Thread will continue on error
2020-07-13 06:26:55,993 INFO o.a.j.t.ThreadGroup: Starting thread group... number=1 threads=1 ramp-up=1 delayedStart=false
2020-07-13 06:26:55,999 INFO o.a.j.t.ThreadGroup: Started thread group number 1
2020-07-13 06:26:55,999 INFO o.a.j.e.StandardJMeterEngine: All thread groups have been started
2020-07-13 06:26:56,004 INFO o.a.j.t.JMeterThread: Thread started: Thread Group 1-1
2020-07-13 06:26:56,013 INFO o.a.j.p.h.s.HTTPHCAbstractImpl: Local host = arash-VirtualBox
2020-07-13 06:26:56,018 INFO o.a.j.p.h.s.HTTPHC4Impl: HTTP request retry count = 0
2020-07-13 06:26:56,687 INFO o.a.j.t.JMeterThread: Thread is done: Thread Group 1-1
2020-07-13 06:26:56,687 INFO o.a.j.t.JMeterThread: Thread finished: Thread Group 1-1
2020-07-13 06:26:56,688 INFO o.a.j.e.StandardJMeterEngine: Notifying test listeners of end of test
2020-07-13 06:26:56,689 INFO o.a.j.g.u.JMeterMenuBar: setRunning(false, *local*)
